<?xml version="1.0" encoding="UTF-8"?>
<!-- Generated by org.testng.reporters.JUnitXMLReporter -->
<testsuite hostname="USCBGWL10604" ignored="1" name="OpenCart Tests" tests="2" failures="0" timestamp="2021-03-24T10:53:33 EDT" time="24.921" errors="0">
  <testcase name="test_accout_Registration" time="5.404" classname="testCases.TC_001_AccountRegistration"/>
  <testcase name="test_Login" time="5.334" classname="testCases.TC_002_Login"/>
  <testcase name="test_LoginDDT" time="0.0" classname="testCases.TC_003_LoginDDT">
    <ignored/>
  </testcase> <!-- test_LoginDDT -->
</testsuite> <!-- OpenCart Tests -->
