<?xml version="1.0" encoding="UTF-8"?>
<testng-results skipped="0" failed="0" ignored="1" total="3" passed="2">
  <reporter-output>
  </reporter-output>
  <suite name="OpenCart Test Suite" duration-ms="24921" started-at="2021-03-24T10:53:08 EDT" finished-at="2021-03-24T10:53:33 EDT">
    <groups>
      <group name="regression">
        <method signature="TC_001_AccountRegistration.test_accout_Registration()[pri:0, instance:testCases.TC_001_AccountRegistration@4cf4d528]" name="test_accout_Registration" class="testCases.TC_001_AccountRegistration"/>
      </group> <!-- regression -->
      <group name="sanity">
        <method signature="TC_002_Login.test_Login()[pri:0, instance:testCases.TC_002_Login@77846d2c]" name="test_Login" class="testCases.TC_002_Login"/>
      </group> <!-- sanity -->
      <group name="master">
        <method signature="TC_001_AccountRegistration.test_accout_Registration()[pri:0, instance:testCases.TC_001_AccountRegistration@4cf4d528]" name="test_accout_Registration" class="testCases.TC_001_AccountRegistration"/>
        <method signature="TC_002_Login.test_Login()[pri:0, instance:testCases.TC_002_Login@77846d2c]" name="test_Login" class="testCases.TC_002_Login"/>
      </group> <!-- master -->
    </groups>
    <test name="OpenCart Tests" duration-ms="24921" started-at="2021-03-24T10:53:08 EDT" finished-at="2021-03-24T10:53:33 EDT">
      <class name="testCases.TC_002_Login">
        <test-method status="PASS" signature="setup(java.lang.String)[pri:0, instance:testCases.TC_002_Login@77846d2c]" name="setup" is-config="true" duration-ms="4420" started-at="2021-03-24T10:53:23 EDT" finished-at="2021-03-24T10:53:27 EDT">
          <params>
            <param index="0">
              <value>
                <![CDATA[chrome]]>
              </value>
            </param>
          </params>
          <reporter-output>
          </reporter-output>
        </test-method> <!-- setup -->
        <test-method status="PASS" signature="test_Login()[pri:0, instance:testCases.TC_002_Login@77846d2c]" name="test_Login" duration-ms="5334" started-at="2021-03-24T10:53:27 EDT" finished-at="2021-03-24T10:53:33 EDT">
          <reporter-output>
          </reporter-output>
        </test-method> <!-- test_Login -->
        <test-method status="PASS" signature="tearDown()[pri:0, instance:testCases.TC_002_Login@77846d2c]" name="tearDown" is-config="true" duration-ms="403" started-at="2021-03-24T10:53:33 EDT" finished-at="2021-03-24T10:53:33 EDT">
          <reporter-output>
          </reporter-output>
        </test-method> <!-- tearDown -->
      </class> <!-- testCases.TC_002_Login -->
      <class name="testCases.TC_001_AccountRegistration">
        <test-method status="PASS" signature="setup(java.lang.String)[pri:0, instance:testCases.TC_001_AccountRegistration@4cf4d528]" name="setup" is-config="true" duration-ms="8458" started-at="2021-03-24T10:53:09 EDT" finished-at="2021-03-24T10:53:17 EDT">
          <params>
            <param index="0">
              <value>
                <![CDATA[chrome]]>
              </value>
            </param>
          </params>
          <reporter-output>
          </reporter-output>
        </test-method> <!-- setup -->
        <test-method status="PASS" signature="test_accout_Registration()[pri:0, instance:testCases.TC_001_AccountRegistration@4cf4d528]" name="test_accout_Registration" duration-ms="5404" started-at="2021-03-24T10:53:17 EDT" finished-at="2021-03-24T10:53:23 EDT">
          <reporter-output>
          </reporter-output>
        </test-method> <!-- test_accout_Registration -->
        <test-method status="PASS" signature="tearDown()[pri:0, instance:testCases.TC_001_AccountRegistration@4cf4d528]" name="tearDown" is-config="true" duration-ms="460" started-at="2021-03-24T10:53:23 EDT" finished-at="2021-03-24T10:53:23 EDT">
          <reporter-output>
          </reporter-output>
        </test-method> <!-- tearDown -->
      </class> <!-- testCases.TC_001_AccountRegistration -->
    </test> <!-- OpenCart Tests -->
  </suite> <!-- OpenCart Test Suite -->
</testng-results>
